# JRE version: Java(TM) SE Runtime Environment (8.0_211-b12) (build 1.8.0_211-b12)
# Java VM: Java HotSpot(TM) 64-Bit Server VM (25.211-b12 mixed mode windows-amd64 compressed oops)
Heap:
 PSYoungGen      total 142336K, used 12957K [0x00000000d6200000, 0x00000000df900000, 0x0000000100000000)
  eden space 131072K, 9% used [0x00000000d6200000,0x00000000d6ea77d8,0x00000000de200000)
  from space 11264K, 0% used [0x00000000dee00000,0x00000000dee00000,0x00000000df900000)
  to   space 11776K, 0% used [0x00000000de200000,0x00000000de200000,0x00000000ded80000)
 ParOldGen       total 56320K, used 19032K [0x0000000082600000, 0x0000000085d00000, 0x00000000d6200000)
  object space 56320K, 33% used [0x0000000082600000,0x0000000083896328,0x0000000085d00000)
 Metaspace       used 37890K, capacity 39882K, committed 40024K, reserved 1085440K
  class space    used 5246K, capacity 5640K, committed 5760K, reserved 1048576K
GC Heap History (10 events):
Event: 4.917 GC heap before
{Heap before GC invocations=12 (full 2):
 PSYoungGen      total 142336K, used 7931K [0x00000000d6200000, 0x00000000df900000, 0x0000000100000000)
  eden space 131072K, 0% used [0x00000000d6200000,0x00000000d6200000,0x00000000de200000)
  from space 11264K, 70% used [0x00000000dee00000,0x00000000df5bed08,0x00000000df900000)
  to   space 11776K, 0% used [0x00000000de200000,0x00000000de200000,0x00000000ded80000)
 ParOldGen       total 56320K, used 15370K [0x0000000082600000, 0x0000000085d00000, 0x00000000d6200000)
  object space 56320K, 27% used [0x0000000082600000,0x00000000835028d8,0x0000000085d00000)
 Metaspace       used 33515K, capacity 35338K, committed 35416K, reserved 1079296K
  class space    used 4562K, capacity 4932K, committed 4992K, reserved 1048576K
Event: 5.036 GC heap after
Heap after GC invocations=12 (full 2):
 PSYoungGen      total 142336K, used 0K [0x00000000d6200000, 0x00000000df900000, 0x0000000100000000)
  eden space 131072K, 0% used [0x00000000d6200000,0x00000000d6200000,0x00000000de200000)
  from space 11264K, 0% used [0x00000000dee00000,0x00000000dee00000,0x00000000df900000)
  to   space 11776K, 0% used [0x00000000de200000,0x00000000de200000,0x00000000ded80000)
 ParOldGen       total 56320K, used 19228K [0x0000000082600000, 0x0000000085d00000, 0x00000000d6200000)
  object space 56320K, 34% used [0x0000000082600000,0x00000000838c72a0,0x0000000085d00000)
 Metaspace       used 33515K, capacity 35338K, committed 35416K, reserved 1079296K
  class space    used 4562K, capacity 4932K, committed 4992K, reserved 1048576K
}
Event: 5.341 GC heap before
{Heap before GC invocations=13 (full 2):
 PSYoungGen      total 142336K, used 31271K [0x00000000d6200000, 0x00000000df900000, 0x0000000100000000)
  eden space 131072K, 23% used [0x00000000d6200000,0x00000000d8089c50,0x00000000de200000)
  from space 11264K, 0% used [0x00000000dee00000,0x00000000dee00000,0x00000000df900000)
  to   space 11776K, 0% used [0x00000000de200000,0x00000000de200000,0x00000000ded80000)
 ParOldGen       total 56320K, used 19228K [0x0000000082600000, 0x0000000085d00000, 0x00000000d6200000)
  object space 56320K, 34% used [0x0000000082600000,0x00000000838c72a0,0x0000000085d00000)
 Metaspace       used 35743K, capacity 37680K, committed 37720K, reserved 1085440K
  class space    used 4831K, capacity 5213K, committed 5248K, reserved 1048576K
Event: 5.345 GC heap after
Heap after GC invocations=13 (full 2):
 PSYoungGen      total 142848K, used 2994K [0x00000000d6200000, 0x00000000df900000, 0x0000000100000000)
  eden space 131072K, 0% used [0x00000000d6200000,0x00000000d6200000,0x00000000de200000)
  from space 11776K, 25% used [0x00000000de200000,0x00000000de4ec8a8,0x00000000ded80000)
  to   space 11264K, 0% used [0x00000000dee00000,0x00000000dee00000,0x00000000df900000)
 ParOldGen       total 56320K, used 19236K [0x0000000082600000, 0x0000000085d00000, 0x00000000d6200000)
  object space 56320K, 34% used [0x0000000082600000,0x00000000838c92a0,0x0000000085d00000)
 Metaspace       used 35743K, capacity 37680K, committed 37720K, reserved 1085440K
  class space    used 4831K, capacity 5213K, committed 5248K, reserved 1048576K
}
Event: 5.345 GC heap before
{Heap before GC invocations=14 (full 3):
 PSYoungGen      total 142848K, used 2994K [0x00000000d6200000, 0x00000000df900000, 0x0000000100000000)
  eden space 131072K, 0% used [0x00000000d6200000,0x00000000d6200000,0x00000000de200000)
  from space 11776K, 25% used [0x00000000de200000,0x00000000de4ec8a8,0x00000000ded80000)
  to   space 11264K, 0% used [0x00000000dee00000,0x00000000dee00000,0x00000000df900000)
 ParOldGen       total 56320K, used 19236K [0x0000000082600000, 0x0000000085d00000, 0x00000000d6200000)
  object space 56320K, 34% used [0x0000000082600000,0x00000000838c92a0,0x0000000085d00000)
 Metaspace       used 35743K, capacity 37680K, committed 37720K, reserved 1085440K
  class space    used 4831K, capacity 5213K, committed 5248K, reserved 1048576K
Event: 5.650 GC heap after
Heap after GC invocations=14 (full 3):
 PSYoungGen      total 142848K, used 0K [0x00000000d6200000, 0x00000000df900000, 0x0000000100000000)
  eden space 131072K, 0% used [0x00000000d6200000,0x00000000d6200000,0x00000000de200000)
  from space 11776K, 0% used [0x00000000de200000,0x00000000de200000,0x00000000ded80000)
  to   space 11264K, 0% used [0x00000000dee00000,0x00000000dee00000,0x00000000df900000)
 ParOldGen       total 56320K, used 19589K [0x0000000082600000, 0x0000000085d00000, 0x00000000d6200000)
  object space 56320K, 34% used [0x0000000082600000,0x00000000839216f0,0x0000000085d00000)
 Metaspace       used 35743K, capacity 37680K, committed 37720K, reserved 1083392K
  class space    used 4831K, capacity 5213K, committed 5248K, reserved 1048576K
}
Event: 5.710 GC heap before
{Heap before GC invocations=15 (full 3):
 PSYoungGen      total 142848K, used 10161K [0x00000000d6200000, 0x00000000df900000, 0x0000000100000000)
  eden space 131072K, 7% used [0x00000000d6200000,0x00000000d6bec5c0,0x00000000de200000)
  from space 11776K, 0% used [0x00000000de200000,0x00000000de200000,0x00000000ded80000)
  to   space 11264K, 0% used [0x00000000dee00000,0x00000000dee00000,0x00000000df900000)
 ParOldGen       total 56320K, used 19589K [0x0000000082600000, 0x0000000085d00000, 0x00000000d6200000)
  object space 56320K, 34% used [0x0000000082600000,0x00000000839216f0,0x0000000085d00000)
 Metaspace       used 36696K, capacity 38642K, committed 38744K, reserved 1087488K
  class space    used 5016K, capacity 5406K, committed 5504K, reserved 1048576K
Event: 5.712 GC heap after
Heap after GC invocations=15 (full 3):
 PSYoungGen      total 142336K, used 1097K [0x00000000d6200000, 0x00000000df900000, 0x0000000100000000)
  eden space 131072K, 0% used [0x00000000d6200000,0x00000000d6200000,0x00000000de200000)
  from space 11264K, 9% used [0x00000000dee00000,0x00000000def12670,0x00000000df900000)
  to   space 11776K, 0% used [0x00000000de200000,0x00000000de200000,0x00000000ded80000)
 ParOldGen       total 56320K, used 19597K [0x0000000082600000, 0x0000000085d00000, 0x00000000d6200000)
  object space 56320K, 34% used [0x0000000082600000,0x00000000839236f0,0x0000000085d00000)
 Metaspace       used 36696K, capacity 38642K, committed 38744K, reserved 1087488K
  class space    used 5016K, capacity 5406K, committed 5504K, reserved 1048576K
}
Event: 5.712 GC heap before
{Heap before GC invocations=16 (full 4):
 PSYoungGen      total 142336K, used 1097K [0x00000000d6200000, 0x00000000df900000, 0x0000000100000000)
  eden space 131072K, 0% used [0x00000000d6200000,0x00000000d6200000,0x00000000de200000)
  from space 11264K, 9% used [0x00000000dee00000,0x00000000def12670,0x00000000df900000)
  to   space 11776K, 0% used [0x00000000de200000,0x00000000de200000,0x00000000ded80000)
 ParOldGen       total 56320K, used 19597K [0x0000000082600000, 0x0000000085d00000, 0x00000000d6200000)
  object space 56320K, 34% used [0x0000000082600000,0x00000000839236f0,0x0000000085d00000)
 Metaspace       used 36696K, capacity 38642K, committed 38744K, reserved 1087488K
  class space    used 5016K, capacity 5406K, committed 5504K, reserved 1048576K
Event: 5.767 GC heap after
Heap after GC invocations=16 (full 4):
 PSYoungGen      total 142336K, used 0K [0x00000000d6200000, 0x00000000df900000, 0x0000000100000000)
  eden space 131072K, 0% used [0x00000000d6200000,0x00000000d6200000,0x00000000de200000)
  from space 11264K, 0% used [0x00000000dee00000,0x00000000dee00000,0x00000000df900000)
  to   space 11776K, 0% used [0x00000000de200000,0x00000000de200000,0x00000000ded80000)
 ParOldGen       total 56320K, used 19032K [0x0000000082600000, 0x0000000085d00000, 0x00000000d6200000)
  object space 56320K, 33% used [0x0000000082600000,0x0000000083896328,0x0000000085d00000)
 Metaspace       used 36696K, capacity 38642K, committed 38744K, reserved 1085440K
  class space    used 5016K, capacity 5406K, committed 5504K, reserved 1048576K
}

